0 info it worked if it ends with ok
1 verbose cli [
1 verbose cli   'C:\\Program Files\\nodejs\\node.exe',
1 verbose cli   'C:\\Program Files\\nodejs\\node_modules\\npm\\bin\\npm-cli.js',
1 verbose cli   'start'
1 verbose cli ]
2 info using npm@6.14.6
3 info using node@v12.18.3
4 verbose run-script [ 'prestart', 'start', 'poststart' ]
5 info lifecycle measuring_se@0.1.0~prestart: measuring_se@0.1.0
6 info lifecycle measuring_se@0.1.0~start: measuring_se@0.1.0
7 verbose lifecycle measuring_se@0.1.0~start: unsafe-perm in lifecycle true
8 verbose lifecycle measuring_se@0.1.0~start: PATH: C:\Program Files\nodejs\node_modules\npm\node_modules\npm-lifecycle\node-gyp-bin;C:\Users\New User\OneDrive - TCDUD.onmicrosoft.com\TCD\Semester 1\SWE\measuring_se\web_app\measuring_se\node_modules\.bin;C:\Users\New User\bin;C:\Program Files\Git\mingw64\bin;C:\Program Files\Git\usr\local\bin;C:\Program Files\Git\usr\bin;C:\Program Files\Git\usr\bin;C:\Program Files\Git\mingw64\bin;C:\Program Files\Git\usr\bin;C:\Users\New User\bin;C:\WINDOWS\System32\Wbem;C:\WINDOWS\System32\WindowsPowerShell\v1.0;C:\WINDOWS\System32\OpenSSH;C:\ProgramData\chocolatey\bin;C:\Users\New User\AppData\Local\Programs\Python\Python39;C:\Program Files\dotnet;C:\Program Files\Java\jdk-11.0.7\bin;C:\bazel;C:\Program Files\Git\cmd;C:\Program Files\Git\mingw64\bin;C:\Program Files\Git\usr\bin;C:\Program Files\MySQL\MySQL Server 8.0\bin;C:\Program Files\nodejs;C:\Program Files\PuTTY;C:\WINDOWS\system32;C:\WINDOWS;C:\rpc\protoc-3.17.3-win64\bin;E:\Program Files (x86)\swipl\bin;C:\Program Files\Go\bin;E:\Programs\Wireshark;C:\Program Files\Docker\Docker\resources\bin;C:\ProgramData\DockerDesktop\version-bin;C:\Users\New User\bin;C:\msys64\usr\bin;C:\Program Files (x86)\mingw-w64\i686-8.1.0-posix-dwarf-rt_v6-rev0\mingw32\bin;C:\Users\New User\AppData\Local\Programs\Microsoft VS Code\bin;C:\Users\New User\AppData\Roaming\npm;C:\Program Files\PuTTY;C:\Users\New User\AppData\Local\GitHubDesktop\bin;C:\Program Files (x86)\Maven\apache-maven-3.6.3\bin;C:\Windows\System32;C:\Users\New User\.dotnet\tools;C:\Users\New User\AppData\Local\Microsoft\WindowsApps;C:\Program Files\heroku\bin;C:\Users\New User\AppData\Local\Programs\Python\Python39;C:\Users\New User\AppData\Local\Google\Cloud SDK\google-cloud-sdk\bin;C:\ProgramData\chocolatey\bin;C:\Users\New User\go\bin;C:\Users\New User\AppData\Local\Programs\Python\Python39\Scripts;C:\Program Files\Git\usr\bin\vendor_perl;C:\Program Files\Git\usr\bin\core_perl
9 verbose lifecycle measuring_se@0.1.0~start: CWD: C:\Users\New User\OneDrive - TCDUD.onmicrosoft.com\TCD\Semester 1\SWE\measuring_se\web_app\measuring_se
10 silly lifecycle measuring_se@0.1.0~start: Args: [ '/d /s /c', 'craco start' ]
11 silly lifecycle measuring_se@0.1.0~start: Returned: code: 1  signal: null
12 info lifecycle measuring_se@0.1.0~start: Failed to exec start script
13 verbose stack Error: measuring_se@0.1.0 start: `craco start`
13 verbose stack Exit status 1
13 verbose stack     at EventEmitter.<anonymous> (C:\Program Files\nodejs\node_modules\npm\node_modules\npm-lifecycle\index.js:332:16)
13 verbose stack     at EventEmitter.emit (events.js:315:20)
13 verbose stack     at ChildProcess.<anonymous> (C:\Program Files\nodejs\node_modules\npm\node_modules\npm-lifecycle\lib\spawn.js:55:14)
13 verbose stack     at ChildProcess.emit (events.js:315:20)
13 verbose stack     at maybeClose (internal/child_process.js:1021:16)
13 verbose stack     at Process.ChildProcess._handle.onexit (internal/child_process.js:286:5)
14 verbose pkgid measuring_se@0.1.0
15 verbose cwd C:\Users\New User\OneDrive - TCDUD.onmicrosoft.com\TCD\Semester 1\SWE\measuring_se\web_app\measuring_se
16 verbose Windows_NT 10.0.19042
17 verbose argv "C:\\Program Files\\nodejs\\node.exe" "C:\\Program Files\\nodejs\\node_modules\\npm\\bin\\npm-cli.js" "start"
18 verbose node v12.18.3
19 verbose npm  v6.14.6
20 error code ELIFECYCLE
21 error errno 1
22 error measuring_se@0.1.0 start: `craco start`
22 error Exit status 1
23 error Failed at the measuring_se@0.1.0 start script.
23 error This is probably not a problem with npm. There is likely additional logging output above.
24 verbose exit [ 1, true ]
